<?xml version="1.0" encoding="UTF-8"?>
<testsuite xmlns:xsi="http://www.w3.org/2001/XMLSchema-instance" xsi:noNamespaceSchemaLocation="https://maven.apache.org/surefire/maven-surefire-plugin/xsd/surefire-test-report.xsd" name="tests.Aumni_Fund_Tests" time="9.668" tests="3" errors="0" skipped="0" failures="0">
  <properties>
[...]
</properties>
  <testcase name="testHomePage_NavLogo_Load" classname="tests.Aumni_Fund_Tests" time="5.647"/>
  <testcase name="testHomePage_Title_ShouldBeCorrect" classname="tests.Aumni_Fund_Tests" time="3.991"/>
  <testcase name="testHomePage_DemoButton_NavigatesToDemoPage" classname="tests.Aumni_Fund_Tests" time="0"/>
</testsuite>